<?xml version="1.0" encoding="UTF-8"?>
<testng-results skipped="0" failed="0" ignored="0" total="1" passed="1">
  <reporter-output>
  </reporter-output>
  <suite name="Default suite" duration-ms="3139" started-at="2020-05-11T18:23:08Z" finished-at="2020-05-11T18:23:11Z">
    <groups>
    </groups>
    <test name="Default test" duration-ms="3139" started-at="2020-05-11T18:23:08Z" finished-at="2020-05-11T18:23:11Z">
      <class name="com.qa.test.Get_Api_Test">
        <test-method status="PASS" signature="setUp()[pri:0, instance:com.qa.test.Get_Api_Test@400cff1a]" name="setUp" is-config="true" duration-ms="6" started-at="2020-05-11T18:23:08Z" finished-at="2020-05-11T18:23:08Z">
          <reporter-output>
          </reporter-output>
        </test-method> <!-- setUp -->
        <test-method status="PASS" signature="getAPITest()[pri:0, instance:com.qa.test.Get_Api_Test@400cff1a]" name="getAPITest" duration-ms="3109" started-at="2020-05-11T18:23:08Z" finished-at="2020-05-11T18:23:11Z">
          <reporter-output>
          </reporter-output>
        </test-method> <!-- getAPITest -->
      </class> <!-- com.qa.test.Get_Api_Test -->
    </test> <!-- Default test -->
  </suite> <!-- Default suite -->
</testng-results>
