<?xml version="1.0" encoding="UTF-8"?>
<!-- Generated by org.testng.reporters.JUnitXMLReporter -->
<testsuite hostname="Ganesh" ignored="2" name="Default test" tests="1" failures="0" timestamp="2020-05-13T12:54:21 IST" time="9.103" errors="0">
  <testcase name="ColourOfElement" time="9.058" classname="com.Utils.ElementColour"/>
  <testcase name="Calendar" time="0.0" classname="com.Utils.PracticeScripts">
    <ignored/>
  </testcase> <!-- Calendar -->
  <testcase name="BrokenLinks" time="0.0" classname="com.Utils.Links">
    <ignored/>
  </testcase> <!-- BrokenLinks -->
</testsuite> <!-- Default test -->
