<?xml version="1.0" encoding="UTF-8" standalone="no"?>
<testsuite errors="0" failures="0" name="io.cucumber.core.plugin.JUnitFormatter" skipped="0" tests="1" time="66.674">
<testcase classname="Orange HRM Application functionality test feature" name="delete an employee from the employee list" time="66.39">
<system-out><![CDATA[Given browser open..........................................................passed
When open url...............................................................passed
Then user enters username and password......................................passed
Then user clicks on login button............................................passed
Then user is logged in......................................................passed
Then user clicks on PIM.....................................................passed
Then user clicks on employee list...........................................passed
Then user enters employee info empname and id...............................passed
Then user clicks on search button...........................................passed
Then user selects the employee and clicks on delete button..................passed
]]></system-out>
</testcase>
</testsuite>
