<?xml version="1.0" encoding="UTF-8"?>
<testng-results skipped="0" failed="0" ignored="2" total="3" passed="1">
  <reporter-output>
  </reporter-output>
  <suite name="Default suite" duration-ms="9103" started-at="2020-05-13T12:54:11 IST" finished-at="2020-05-13T12:54:21 IST">
    <groups>
    </groups>
    <test name="Default test" duration-ms="9103" started-at="2020-05-13T12:54:11 IST" finished-at="2020-05-13T12:54:21 IST">
      <class name="com.Utils.ElementColour">
        <test-method status="PASS" signature="ColourOfElement()[pri:0, instance:com.Utils.ElementColour@46daef40]" name="ColourOfElement" duration-ms="9058" started-at="2020-05-13T12:54:11 IST" description="colour_of_an_element" finished-at="2020-05-13T12:54:21 IST">
          <reporter-output>
          </reporter-output>
        </test-method> <!-- ColourOfElement -->
      </class> <!-- com.Utils.ElementColour -->
    </test> <!-- Default test -->
  </suite> <!-- Default suite -->
</testng-results>
