<?xml version="1.0" encoding="UTF-8"?>
<testng-results skipped="0" failed="0" ignored="0" total="1" passed="1">
  <reporter-output>
  </reporter-output>
  <suite name="Default suite" duration-ms="20828" started-at="2020-04-12T01:10:47 IST" finished-at="2020-04-12T01:11:08 IST">
    <groups>
    </groups>
    <test name="Default test" duration-ms="20828" started-at="2020-04-12T01:10:47 IST" finished-at="2020-04-12T01:11:08 IST">
      <class name="tests.OrangeHRM">
        <test-method status="PASS" signature="setUp()[pri:0, instance:tests.OrangeHRM@5ed828d]" name="setUp" is-config="true" duration-ms="12809" started-at="2020-04-12T01:10:47 IST" finished-at="2020-04-12T01:11:00 IST">
          <reporter-output>
          </reporter-output>
        </test-method> <!-- setUp -->
        <test-method status="PASS" signature="logIn()[pri:1, instance:tests.OrangeHRM@5ed828d]" name="logIn" duration-ms="7922" started-at="2020-04-12T01:11:00 IST" description="login functionality and validation" finished-at="2020-04-12T01:11:08 IST">
          <reporter-output>
          </reporter-output>
        </test-method> <!-- logIn -->
        <test-method status="PASS" signature="teatDown()[pri:0, instance:tests.OrangeHRM@5ed828d]" name="teatDown" is-config="true" duration-ms="62" started-at="2020-04-12T01:11:08 IST" finished-at="2020-04-12T01:11:08 IST">
          <reporter-output>
          </reporter-output>
        </test-method> <!-- teatDown -->
      </class> <!-- tests.OrangeHRM -->
    </test> <!-- Default test -->
  </suite> <!-- Default suite -->
</testng-results>
